1	50	626.8415665700886
1	100	2898.425366286874
1	150	7680.585448723541
1	200	16306.600707509795
1	250	29583.59817828004
1	300	46320.41523091169
1	350	67073.61615831392
1	400	91049.90636238205
1	450	120344.76354866523
1	500	153875.94152897832
1	550	191790.50544675332
1	600	233802.61295987433
1	650	282541.69033872895
1	700	334735.4837093275
1	750	394158.31101115176
1	800	456659.6916700086
1	850	525099.7650084018
1	900	601772.5916166934
1	950	684931.3353013162
1	1000	771297.1857305076
1	1050	866611.0530852595
1	1100	970823.9986516141
1	1150	1079812.8465182425
1	1200	1194843.2373663734
1	1250	1319690.2117408463
1	1300	1450068.2038806332
1	1350	1592223.4639152489
1	1400	1740631.3264751171
1	1450	1894499.6131535377
1	1500	2057141.8685537819
1	1550	2235180.9737580568
1	1600	2417360.0379421595
1	1650	2602553.24168365
1	1700	2809243.536324566
1	1750	3018472.7363366107
1	1800	3236814.785471327
1	1850	NULL
1	1900	3706984.623559809
1	1950	3964658.7005057484
6	50	168.23643271212134
6	100	529.2221591693299
6	150	1327.3972120496303
6	200	2724.726803178451
6	250	5453.2067883791915
6	300	7702.615478831386
6	350	11149.677029839746
6	400	15177.844321705412
6	450	20047.50555441235
6	500	25625.547625681575
6	550	31929.242908337565
6	600	38965.88742681065
6	650	46903.758274299355
6	700	55869.35735965792
6	750	65335.92995499459
6	800	76209.93201425206
6	850	87683.95332709886
6	900	100271.71161210333
6	950	114030.05252158515
6	1000	128969.96723524736
6	1050	146122.3513045718
6	1100	161572.31667265663
6	1150	179918.4553375607
6	1200	198952.51239891237
6	1250	220356.8074415682
6	1300	243535.62835924161
6	1350	266291.8137155313
6	1400	NULL
6	1450	315932.83911559917
6	1500	342847.702612889
6	1550	NULL
6	1600	402951.6373496647
6	1650	433841.1574744916
6	1700	467703.3615871397
6	1750	503169.40584139945
6	1800	540197.9578110257
6	1850	578677.5157972953
6	1900	618410.953052647
6	1950	660276.2314443504
11	50	114.96983222123448
11	100	333.23572691408157
11	150	771.868792243632
11	200	1518.6275744595232
11	250	2807.1677203611016
11	300	4173.163264551447
11	350	6013.264451528599
11	400	8280.341310521344
11	450	10899.432195292044
11	500	14160.352685838863
11	550	17630.755987846816
11	600	21385.722937728446
11	650	25467.548276334262
11	700	30429.67914816888
11	750	35814.22942949236
11	800	41455.218336369755
11	850	48043.5861134093
11	900	54673.00567040462
11	950	62150.81205743411
11	1000	70198.04533453178
11	1050	78803.14033256775
11	1100	88136.66432444414
11	1150	97898.29471637614
11	1200	108750.49574905615
11	1250	120052.73588118464
11	1300	132448.68746574674
11	1350	144439.25323113584
11	1400	158332.24592038608
11	1450	172476.21482586014
11	1500	187371.4004382725
11	1550	NULL
11	1600	219435.69295921538
11	1650	237123.85610909853
11	1700	255704.44580599634
11	1750	274493.67295599385
11	1800	294386.7418710246
11	1850	315342.31132041436
11	1900	337463.8918103363
11	1950	NULL
16	50	110.85071408428666
16	100	236.41842115362905
16	150	551.5656601523966
16	200	1068.8737515799594
16	250	1787.4455476745854
16	300	2876.610164656532
16	350	4175.064096740846
16	400	5714.097581078583
16	450	7491.914007708368
16	500	9560.598729434434
16	550	11911.820498394884
16	600	14817.763906478538
16	650	17575.787537377346
16	700	20878.551425463513
16	750	24509.82385835824
16	800	28409.167036429742
16	850	32905.67475096984
16	900	37466.51399478396
16	950	42717.61791400661
16	1000	48291.6511105996
16	1050	54133.120695757636
16	1100	60604.7794365603
16	1150	67284.19061130159
16	1200	74742.37493947828
16	1250	82464.63892050895
16	1300	90689.55142309736
16	1350	99485.33333853961
16	1400	108877.13050052125
16	1450	NULL
16	1500	128874.60622328121
16	1550	NULL
16	1600	151047.78467319917
16	1650	162717.206643104
16	1700	175552.2312731315
16	1750	188607.39944991158
16	1800	202485.29558684412
16	1850	NULL
16	1900	231729.4871200407
16	1950	NULL
21	50	91.7306343771838
21	100	199.06389277885262
21	150	437.27226133930924
21	200	822.4167120600245
21	250	1363.5446879416186
21	300	2171.247659053439
21	350	3198.0136609883816
21	400	4311.560929758284
21	450	5738.51726819846
21	500	7287.464065254306
21	550	9158.07916404641
21	600	11110.613578103956
21	650	13403.648803681426
21	700	15897.55224683449
21	750	18655.961700740972
21	800	21815.464766743833
21	850	24970.65575810885
21	900	NULL
21	950	32571.483592009237
21	1000	36782.16510290508
21	1050	41274.48150292914
21	1100	46095.16869607006
21	1150	51295.395039468
21	1200	56837.83038012413
21	1250	62907.64192665677
21	1300	69035.38754938463
21	1350	75665.19354530735
21	1400	82538.34712830812
21	1450	90190.00300421017
21	1500	NULL
21	1550	106319.17384827136
21	1600	NULL
21	1650	124189.26460165344
21	1700	NULL
21	1750	NULL
21	1800	154161.8022749553
21	1850	165215.4911205163
21	1900	176473.31272063675
21	1950	NULL
26	50	91.36969924663705
26	100	189.15694692110077
26	150	359.91223364142206
26	200	756.1327567586943
26	250	1107.090598027393
26	300	1722.7384201802759
26	350	2541.047290306861
26	400	3497.9313440419583
26	450	4606.101321344635
26	500	5893.538141075004
26	550	7321.516229032939
26	600	9148.687931725257
26	650	10837.817677079054
26	700	12866.60210755642
26	750	15085.356088901563
26	800	17645.69181481361
26	850	NULL
26	900	NULL
26	950	26330.216452449666
26	1000	29681.571080306512
26	1050	33338.583288372145
26	1100	37239.436688407535
26	1150	41550.14168331045
26	1200	NULL
26	1250	50694.37714358911
26	1300	55832.38065331245
26	1350	61182.19420554043
26	1400	66828.15372487988
26	1450	NULL
26	1500	79256.59169755506
26	1550	85949.73750015146
26	1600	92834.86990273444
26	1650	100402.97581809048
26	1700	NULL
26	1750	116105.39767527067
26	1800	124606.58340885067
26	1850	133360.86705129372
26	1900	NULL
26	1950	152295.97796267638
31	50	92.88054330595008
31	100	164.28575608109864
31	150	313.4104787862436
31	200	757.3971233089385
31	250	952.4808195028679
31	300	1570.2985498156966
31	350	2110.18907266041
31	400	2957.3321814171113
31	450	3828.739607154157
31	500	NULL
31	550	6266.979721389095
31	600	7550.66633033327
31	650	NULL
31	700	10737.653892694809
31	750	12706.343171540791
31	800	14865.698401512176
31	850	17176.259222547917
31	900	19583.923522884532
31	950	22098.306907992188
31	1000	24915.449808300928
31	1050	28264.889116814542
31	1100	NULL
31	1150	34947.862035229526
31	1200	38873.474002544666
31	1250	NULL
31	1300	46786.910407549454
31	1350	51304.05460109885
31	1400	NULL
31	1450	61128.6907585724
31	1500	66395.81236879177
31	1550	71950.64720033744
31	1600	78056.38991310039
31	1650	83999.96860364062
31	1700	90607.24283376546
31	1750	97212.12386737818
31	1800	104596.03736628903
31	1850	NULL
31	1900	NULL
31	1950	NULL
36	50	92.34760034194099
36	100	156.49368971335426
36	150	294.0670364062965
36	200	754.4639366046342
36	250	820.4848778843246
36	300	1548.4721985127778
36	350	1816.4682639628786
36	400	2532.1128012916524
36	450	3423.2286018781915
36	500	4367.531258127723
36	550	5370.777843627823
36	600	6461.509674439006
36	650	7746.663197922892
36	700	9507.429671432003
36	750	10822.242655527276
36	800	12870.058236539222
36	850	NULL
36	900	NULL
36	950	18971.086995309535
36	1000	21467.49956415129
36	1050	24097.5664690081
36	1100	NULL
36	1150	29971.503723511323
36	1200	33287.00338636386
36	1250	36647.75471717745
36	1300	40333.86618100088
36	1350	NULL
36	1400	48211.851308146695
36	1450	52654.61697883667
36	1500	NULL
36	1550	61981.305845788665
36	1600	67058.70518837581
36	1650	72571.28323161002
36	1700	78033.99556838306
36	1750	84114.1596295747
36	1800	89976.11828098631
36	1850	96400.48334801025
36	1900	103204.16824064065
36	1950	110310.11784034163
41	50	93.41131233070132
41	100	131.78659160465799
41	150	263.53381339354263
41	200	754.7232542650678
41	250	790.2894494930512
41	300	1085.4671772835231
41	350	1610.110953802867
41	400	2483.7332491858924
41	450	2898.7797534949655
41	500	3719.1173346964033
41	550	4611.927798940401
41	600	5644.849783412009
41	650	6823.367108000755
41	700	8505.52253039843
41	750	9723.326293174197
41	800	NULL
41	850	13094.593960974096
41	900	14653.173294411066
41	950	16804.256439400528
41	1000	19148.496200275073
41	1050	21164.94875750452
41	1100	23593.46864688932
41	1150	NULL
41	1200	29113.448101616184
41	1250	32523.678022341235
41	1300	NULL
41	1350	38737.232138719635
41	1400	42714.0569249315
41	1450	NULL
41	1500	50434.825688594356
41	1550	NULL
41	1600	58835.81875294876
41	1650	63567.5122610015
41	1700	68436.54088799833
41	1750	73544.13579244615
41	1800	78910.59597323788
41	1850	84979.1540645364
41	1900	NULL
41	1950	96403.94043063578
46	50	93.20521188566809
46	100	129.66756880586308
46	150	232.64844824188222
46	200	756.2223941588384
46	250	793.3172247916807
46	300	981.3056880790105
46	350	1598.1177158562846
46	400	1944.4622989591903
46	450	2577.955465197483
46	500	3490.9518632129952
46	550	4426.33672268177
46	600	5417.753122281911
46	650	6461.588553058672
46	700	7561.414803952284
46	750	8720.358798762043
46	800	NULL
46	850	11409.51474975189
46	900	13335.35333368888
46	950	14867.892899213057
46	1000	17042.78198262025
46	1050	NULL
46	1100	21101.070230608617
46	1150	NULL
46	1200	26272.25829068298
46	1250	29015.923902724735
46	1300	31849.589340335457
46	1350	34810.48111525231
46	1400	NULL
46	1450	NULL
46	1500	44723.96698730574
46	1550	48652.10098737137
46	1600	52478.165869640674
46	1650	NULL
46	1700	61336.37414040232
46	1750	65592.25283416947
46	1800	70332.63327529708
46	1850	75440.94833804024
46	1900	NULL
46	1950	NULL
51	50	91.32482270003484
51	100	127.15944062975123
51	150	224.19085055064858
51	200	756.4846400157417
51	250	794.4451866729252
51	300	899.9479962295895
51	350	1578.6031541681891
51	400	1762.4904951455042
51	450	2546.0175304907266
51	500	3431.5410665809386
51	550	3698.5276799657026
51	600	4578.631243865805
51	650	NULL
51	700	6665.015685814587
51	750	7782.725651728042
51	800	8948.48089497447
51	850	10299.445834582373
51	900	12179.715178762253
51	950	13610.533356935399
51	1000	15100.122263364803
51	1050	17318.761127225796
51	1100	18977.51917610225
51	1150	21350.145050442556
51	1200	23880.691041980317
51	1250	25783.531973527402
51	1300	NULL
51	1350	31293.37331608581
51	1400	34235.1826172382
51	1450	37257.944317225505
51	1500	40418.848881177975
51	1550	43689.73963690801
51	1600	47337.53899923002
51	1650	51335.305902559754
51	1700	54964.83484544988
51	1750	NULL
51	1800	63354.852217530344
51	1850	NULL
51	1900	NULL
51	1950	77632.82627770428
56	50	91.48651734826856
56	100	124.90225659307299
56	150	215.41016599497001
56	200	754.476027156541
56	250	793.1043385294219
56	300	826.5933932089152
56	350	1560.8558855441706
56	400	1648.4967775151706
56	450	2519.5333793117125
56	500	2702.40063871078
56	550	3562.203551979261
56	600	4494.023077754048
56	650	5484.01099187361
56	700	5934.553000712435
56	750	6941.750347406107
56	800	8101.576734694094
56	850	9363.259492171244
56	900	11176.069590497113
56	950	NULL
56	1000	13884.830254903565
56	1050	15475.246000337616
56	1100	17612.016980946282
56	1150	19216.479112022003
56	1200	21636.103978554573
56	1250	23569.499067129014
56	1300	26028.92484621576
56	1350	28719.339225633215
56	1400	30959.464721369917
56	1450	33789.94944879096
56	1500	36746.0827520615
56	1550	39827.31292174424
56	1600	43092.80139209698
56	1650	46507.47422535647
56	1700	NULL
56	1750	NULL
56	1800	57827.216927587775
56	1850	61923.45169244054
56	1900	NULL
56	1950	70665.02580300353
61	50	91.98458328489107
61	100	122.15875074194545
61	150	192.41320212130665
61	200	756.8170424059265
61	250	791.9394075111672
61	300	826.9290166887921
61	350	1537.4606357363114
61	400	1631.8577661408738
61	450	1950.7905955437418
61	500	2623.734662169789
61	550	3512.6277164589756
61	600	3793.2493725285995
61	650	4663.093020195377
61	700	5680.217646023748
61	750	NULL
61	800	7833.332124164146
61	850	8982.47055047085
61	900	10199.279368421237
61	950	11470.885656024186
61	1000	12801.98560462563
61	1050	14192.139049600011
61	1100	15887.053818128905
61	1150	17926.437721947605
61	1200	19548.932557129814
61	1250	21970.123722538607
61	1300	NULL
61	1350	26346.303197757556
61	1400	28460.226808588115
61	1450	31083.21883225447
61	1500	33966.92277114947
61	1550	36937.85173324464
61	1600	40024.1637414213
61	1650	43193.292585956886
61	1700	NULL
61	1750	49914.148481006065
61	1800	NULL
61	1850	NULL
61	1900	NULL
61	1950	64803.81010316487
66	50	90.68058281486154
66	100	119.68979324278179
66	150	189.37929543299333
66	200	761.354141514784
66	250	790.6934083031974
66	300	828.163945922476
66	350	974.1950790599175
66	400	1619.5430894870174
66	450	1789.459962525344
66	500	2590.8126728625493
66	550	2855.9962137871876
66	600	NULL
66	650	4585.775907802447
66	700	NULL
66	750	5909.253333186679
66	800	6951.544391304205
66	850	8079.631538903396
66	900	9244.261115642166
66	950	10470.718492289181
66	1000	11763.794182551306
66	1050	13116.169904115144
66	1100	14659.629638820436
66	1150	16714.75114764073
66	1200	18287.591943459767
66	1250	19924.142358720044
66	1300	22332.54350583577
66	1350	24114.76055004689
66	1400	26716.011460755588
66	1450	28673.819554358608
66	1500	31404.96019970861
66	1550	NULL
66	1600	36539.15629897543
66	1650	39556.301418728006
66	1700	42750.35525826543
66	1750	45992.31758333092
66	1800	NULL
66	1850	52809.341637026555
66	1900	NULL
66	1950	60182.43919168095
71	50	93.15088747426859
71	100	116.25692673732725
71	150	184.49905744679566
71	200	757.0741865147133
71	250	794.8228811369239
71	300	827.588886395022
71	350	911.3221914670956
71	400	1600.8428555371897
71	450	1686.6626785224155
71	500	2571.2746323945034
71	550	2695.3754787803323
71	600	NULL
71	650	3926.801430155919
71	700	4760.354299876014
71	750	5774.656121085512
71	800	6810.2130662226855
71	850	7358.131104899633
71	900	8418.339549328542
71	950	9608.625356437771
71	1000	10828.279305811051
71	1050	12179.536080033095
71	1100	13595.869362230234
71	1150	15592.78672151664
71	1200	17087.04153601606
71	1250	18658.714160686843
71	1300	20366.75770954956
71	1350	22728.031350107896
71	1400	NULL
71	1450	27095.16191119877
71	1500	29046.518409283584
71	1550	31814.90643770819
71	1600	NULL
71	1650	36883.89853770105
71	1700	39888.03990724194
71	1750	42454.51316238608
71	1800	NULL
71	1850	NULL
71	1900	52354.62864026848
71	1950	NULL
76	50	92.79548100532318
76	100	108.41471475963905
76	150	183.68052443473343
76	200	759.4508020856019
76	250	792.7437410129521
76	300	826.8435302419111
76	350	862.9484947820243
76	400	1587.2214865411834
76	450	1673.9271420637144
76	500	2534.1478533338827
76	550	2678.28994569696
76	600	3546.404820169402
76	650	3743.2262744528607
76	700	4686.261448229195
76	750	5651.213791342786
76	800	5973.462791460381
76	850	7050.454845520664
76	900	8172.95155909835
76	950	9326.274814981673
76	1000	10540.898793256587
76	1050	NULL
76	1100	13123.017439796278
76	1150	14499.35098912526
76	1200	15955.855559359434
76	1250	17457.94208958644
76	1300	19036.80578150409
76	1350	21375.275181179022
76	1400	NULL
76	1450	24888.615562798106
76	1500	27478.409494466156
76	1550	NULL
76	1600	32202.35687869588
76	1650	34313.747712461205
76	1700	NULL
76	1750	NULL
76	1800	NULL
76	1850	NULL
76	1900	NULL
76	1950	52610.55616704433
81	50	91.86455355650159
81	100	104.6791554743547
81	150	177.11242495015418
81	200	758.3791131301462
81	250	789.4571163055862
81	300	830.6151052273732
81	350	861.9517639818566
81	400	1566.330243908642
81	450	1658.9214356865039
81	500	1857.4057716991465
81	550	2650.6812842322447
81	600	2853.236246226066
81	650	NULL
81	700	4609.198026804818
81	750	4863.399035649429
81	800	5883.229656550922
81	850	6923.038543524031
81	900	7396.356445068758
81	950	8415.031444068401
81	1000	9601.924772577577
81	1050	10847.698265423503
81	1100	12124.056432159716
81	1150	13470.631761983517
81	1200	NULL
81	1250	16315.269040861958
81	1300	17887.129768335435
81	1350	20140.775513468816
81	1400	21801.14838618067
81	1450	23528.07797883042
81	1500	25351.634787911513
81	1550	27932.973376666476
81	1600	NULL
81	1650	32619.282398796866
81	1700	34736.09670169078
81	1750	NULL
81	1800	NULL
81	1850	43088.74092465169
81	1900	NULL
81	1950	48807.17249220573
86	50	92.07089354469016
86	100	106.54538844553986
86	150	170.32249985457563
86	200	758.9139783502194
86	250	790.9212419601828
86	300	827.3234959961464
86	350	862.9624925849356
86	400	1536.9753943489409
86	450	1648.8853192231138
86	500	NULL
86	550	2627.2789844767217
86	600	2748.940327464921
86	650	3650.9934318624933
86	700	3850.05053181931
86	750	4804.292977311797
86	800	5777.155500167617
86	850	6088.03172458921
86	900	7165.620818991399
86	950	8286.06385213653
86	1000	9422.064436997569
86	1050	10614.986712610435
86	1100	11219.41971884123
86	1150	12513.319403292664
86	1200	13849.074873951799
86	1250	15295.885903735869
86	1300	16819.362069929884
86	1350	18962.137211305882
86	1400	20572.92224164191
86	1450	22239.29649741687
86	1500	NULL
86	1550	NULL
86	1600	28383.904526196067
86	1650	30348.55408513727
86	1700	33085.39811196541
86	1750	35216.78905694354
86	1800	38141.24219378994
86	1850	NULL
86	1900	NULL
86	1950	46006.12877555013
91	50	93.28345612664867
91	100	107.11994648996841
91	150	146.74056612503875
91	200	757.5124075550743
91	250	792.9268992055102
91	300	826.7403258719601
91	350	862.9662724346243
91	400	958.5715984977878
91	450	1634.177263896143
91	500	1719.7536438367963
91	550	2599.5452666618626
91	600	2731.170725793947
91	650	3595.4515225891355
91	700	3802.4504608540183
91	750	4726.535255697323
91	800	4987.731064189319
91	850	6012.210406408736
91	900	7045.910937126282
91	950	7472.095849984125
91	1000	NULL
91	1050	9726.235474334233
91	1100	10956.187536094065
91	1150	12215.07964908435
91	1200	NULL
91	1250	14929.804243720957
91	1300	NULL
91	1350	17840.3248713286
91	1400	19400.494205412164
91	1450	20997.064609020268
91	1500	NULL
91	1550	24488.853951617068
91	1600	26974.461642344384
91	1650	NULL
91	1700	NULL
91	1750	33587.759939353346
91	1800	NULL
91	1850	38606.06017626009
91	1900	40922.65355036584
91	1950	NULL
96	50	92.10567346620195
96	100	105.37512867654124
96	150	145.95526181330837
96	200	757.6103691254203
96	250	791.9988741393125
96	300	826.5983989298459
96	350	865.9556376506123
96	400	911.6125620856409
96	450	1620.3690882294038
96	500	1708.289710284227
96	550	2519.1243858363864
96	600	2710.199791892678
96	650	2881.658120552617
96	700	3754.7993335972733
96	750	4053.9227479794245
96	800	4920.577398384445
96	850	5907.673844831084
96	900	6237.631236406584
96	950	NULL
96	1000	8404.555715504539
96	1050	9530.92748144742
96	1100	10057.228420759706
96	1150	11274.957170074125
96	1200	NULL
96	1250	13909.495083792242
96	1300	15318.207575627457
96	1350	16757.30471274732
96	1400	18277.556492093194
96	1450	19854.593434312053
96	1500	21458.908664115253
96	1550	NULL
96	1600	25622.66130690895
96	1650	27474.818545903945
96	1700	NULL
96	1750	31436.50362093004
96	1800	34119.61049691913
96	1850	36223.67070504969
96	1900	NULL
96	1950	NULL
101	50	91.51002420561466
101	100	106.31530065743144
101	150	143.53159699068308
101	200	759.9888637364594
101	250	794.1374402800878
101	300	829.6003525481918
101	350	863.8713748498468
101	400	898.9303270276533
101	450	1606.6705635928008
101	500	1696.9597884643263
101	550	1841.1307287944128
101	600	2688.724956161726
101	650	2812.861113040081
101	700	3711.7707005241655
101	750	3902.6143368167745
101	800	4856.585724244622
101	850	5208.40995845569
101	900	6145.996752023128
101	950	7177.141876621467
101	1000	7597.462996772131
101	1050	8682.829431454324
101	1100	9868.70761208819
101	1150	11071.774332603756
101	1200	12320.878793728112
101	1250	12990.250705847337
101	1300	14332.822665804648
101	1350	15734.336855451933
101	1400	NULL
101	1450	18718.722707628705
101	1500	20348.28050833355
101	1550	NULL
101	1600	24353.509323401136
101	1650	26150.174097837822
101	1700	27996.120751809176
101	1750	29877.89646869795
101	1800	32584.82772307092
101	1850	NULL
101	1900	36774.14106450456
101	1950	NULL
106	50	91.34914129298997
106	100	105.66378115216267
106	150	142.33317573885154
106	200	757.8406907678414
106	250	791.2515566457776
106	300	830.4111441795364
106	350	867.2139514731383
106	400	897.3492046839226
106	450	1588.3924027728879
106	500	1685.91323598042
106	550	1768.2871627512254
106	600	2658.3155624611018
106	650	2795.6272182290136
106	700	3662.9757561812976
106	750	3869.266230578475
106	800	4780.537558738203
106	850	5040.731347198837
106	900	6051.212403672238
106	950	6404.586232590273
106	1000	7436.479268779541
106	1050	8545.923402794784
106	1100	9685.45144717362
106	1150	10161.913330173276
106	1200	11413.606061438635
106	1250	12689.851684563822
106	1300	14033.313002061106
106	1350	NULL
106	1400	NULL
106	1450	18330.911473059958
106	1500	19870.525259778948
106	1550	21468.68962055438
106	1600	23141.69147838436
106	1650	24873.38563104866
106	1700	26652.89242831066
106	1750	NULL
106	1800	NULL
106	1850	33162.461889241495
106	1900	35209.25561791063
106	1950	37342.126820406505
111	50	92.41465464216802
111	100	106.61114529166196
111	150	142.01447378602677
111	200	757.354231065242
111	250	792.8830440467931
111	300	827.4597644272869
111	350	864.9166625402235
111	400	897.075822994399
111	450	1572.9022765091108
111	500	1672.1314941936448
111	550	1756.5134767264965
111	600	2634.1725007804735
111	650	2779.682339220906
111	700	2962.314083996747
111	750	3832.7896343085795
111	800	4076.310062912175
111	850	4982.207037754181
111	900	5950.085886358071
111	950	6274.97316114818
111	1000	7339.995892856892
111	1050	7783.845732300071
111	1100	8830.191393680592
111	1150	10017.027074271675
111	1200	11218.990882074377
111	1250	11857.22315831381
111	1300	13051.956870409142
111	1350	NULL
111	1400	NULL
111	1450	17283.386716782352
111	1500	18781.25631756477
111	1550	20357.975104305042
111	1600	21947.53861799147
111	1650	23647.11817997385
111	1700	25397.806490028983
111	1750	27196.986854264993
111	1800	29143.554634920925
111	1850	31691.61289424497
111	1900	NULL
111	1950	NULL
116	50	90.73243059854963
116	100	107.08245535732584
116	150	139.83332521535087
116	200	756.5945075385198
116	250	793.3947952340881
116	300	829.3274747771317
116	350	865.6236348957639
116	400	896.3715263022227
116	450	1552.6473644554267
116	500	1659.6318473455572
116	550	1745.8023565304395
116	600	2608.1784012304024
116	650	2756.2822588358063
116	700	2883.066408387468
116	750	3785.758725407183
116	800	3979.404279862137
116	850	4920.206942102419
116	900	5168.625540887038
116	950	6197.495632844998
116	1000	7190.947915395371
116	1050	7587.932779712819
116	1100	8715.761385402351
116	1150	NULL
116	1200	10316.078935974956
116	1250	11575.345036167064
116	1300	12849.479973504489
116	1350	14163.727190816538
116	1400	NULL
116	1450	NULL
116	1500	NULL
116	1550	19238.29010891799
116	1600	20821.388808508807
116	1650	NULL
116	1700	24171.243436262845
116	1750	25939.359952463652
116	1800	NULL
116	1850	NULL
116	1900	NULL
116	1950	NULL
121	50	91.78166018883212
121	100	106.28701694541229
121	150	137.54981540299343
121	200	755.4200263928835
121	250	793.1382793642998
121	300	826.910912900177
121	350	860.5719585608321
121	400	898.5000429773359
121	450	1539.051235299355
121	500	1648.0803514187824
121	550	1737.1994178649716
121	600	1888.6979127916932
121	650	2733.4437711643927
121	700	2861.7605871633386
121	750	3737.2939360393525
121	800	3942.099450560235
121	850	4849.2193368620165
121	900	5118.824581742898
121	950	6110.074450679979
121	1000	6421.420511106031
121	1050	7489.412958046474
121	1100	8559.856316614174
121	1150	8999.541005674537
121	1200	10178.714230520789
121	1250	11378.443189575091
121	1300	11975.503236955456
121	1350	NULL
121	1400	NULL
121	1450	15981.504990864836
121	1500	17405.5570211135
121	1550	NULL
121	1600	NULL
121	1650	NULL
121	1700	23687.105624348238
121	1750	NULL
121	1800	27168.06438988686
121	1850	NULL
121	1900	30940.8324159443
121	1950	NULL
126	50	91.18259043177537
126	100	105.96684550761947
126	150	136.25903569650217
126	200	757.2531230201116
126	250	794.428967120012
126	300	826.6098429277841
126	350	861.4509441514613
126	400	899.7840826957133
126	450	929.6500242715491
126	500	1632.4601994408781
126	550	1729.7223651908148
126	600	1817.855850892511
126	650	2711.3465547356295
126	700	2848.6572489324753
126	750	3683.267604782013
126	800	3906.1519374111303
126	850	NULL
126	900	NULL
126	950	5999.6280359177
126	1000	6346.460447040351
126	1050	7371.753341880876
126	1100	7748.880920830312
126	1150	8868.228726800018
126	1200	10012.169633901149
126	1250	10499.635273603077
126	1300	11734.387450416685
126	1350	NULL
126	1400	14306.74963856531
126	1450	14980.828679103102
126	1500	16380.148801872969
126	1550	NULL
126	1600	NULL
126	1650	NULL
126	1700	22560.312836398632
126	1750	24236.99006861613
126	1800	NULL
126	1850	27750.946872953624
126	1900	29586.06222713855
126	1950	31506.11670030569
131	50	92.18021067840507
131	100	105.31532159487531
131	150	134.6467984532223
131	200	756.4917806177932
131	250	792.3053169676201
131	300	827.3660553238535
131	350	861.1966858594079
131	400	899.1992507884374
131	450	935.3093993734154
131	500	1619.7834857740518
131	550	1715.2638465722785
131	600	1801.959427695167
131	650	2684.0859528987353
131	700	2825.9242788665133
131	750	2954.13695170978
131	800	NULL
131	850	4063.6896371253065
131	900	4999.182238264548
131	950	NULL
131	1000	6273.875401269634
131	1050	6598.760652210599
131	1100	7654.328305595528
131	1150	8738.064504190805
131	1200	9166.243727824789
131	1250	NULL
131	1300	11556.123644105215
131	1350	12108.804343840242
131	1400	13395.760382154023
131	1450	NULL
131	1500	NULL
131	1550	17562.651835514327
131	1600	NULL
131	1650	19845.300054456387
131	1700	21423.45448783274
131	1750	23073.75628827729
131	1800	24768.984463465233
131	1850	26521.92180260845
131	1900	28319.76389640409
131	1950	NULL
136	50	92.33999623468137
136	100	105.8787078973507
136	150	133.18585658955993
136	200	754.4117594469908
136	250	790.9666036157695
136	300	829.098473047837
136	350	862.3736760916074
136	400	896.0410729037958
136	450	934.1975852248315
136	500	1606.1553523262771
136	550	1702.2382037199645
136	600	1789.8486025184495
136	650	2652.5575773439764
136	700	2807.9742950566188
136	750	2934.2145228643003
136	800	3828.055223783187
136	850	4023.7259699028423
136	900	NULL
136	950	5202.071820698398
136	1000	6184.509579972086
136	1050	6504.5743241080145
136	1100	7548.749159621367
136	1150	7915.911752252339
136	1200	9057.909999779704
136	1250	10190.677397026617
136	1300	NULL
136	1350	NULL
136	1400	13201.612367008715
136	1450	14477.661043491098
136	1500	15152.943010501642
136	1550	16572.327670861796
136	1600	NULL
136	1650	NULL
136	1700	21074.26887317306
136	1750	22662.728663866794
136	1800	NULL
136	1850	NULL
136	1900	27788.07629654039
136	1950	NULL
141	50	91.83956338280038
141	100	105.97808156313724
141	150	132.17970302756112
141	200	754.2899416435328
141	250	793.2842992451721
141	300	828.8502951016079
141	350	863.9020152477568
141	400	896.7699912516357
141	450	932.6312798724296
141	500	1586.3508069291756
141	550	1694.0046152496523
141	600	1782.8626595539465
141	650	1963.4344725363617
141	700	2785.5500679547895
141	750	2917.1806611364755
141	800	NULL
141	850	NULL
141	900	4220.600026140248
141	950	5145.0490766293
141	1000	5442.771144459522
141	1050	6433.696677062974
141	1100	NULL
141	1150	7834.921730298604
141	1200	8922.386896751876
141	1250	9339.60066968447
141	1300	NULL
141	1350	NULL
141	1400	12279.755332421602
141	1450	13596.013092357342
141	1500	14934.96448668189
141	1550	16298.97678075304
141	1600	NULL
141	1650	18475.88970200876
141	1700	20016.674281996067
141	1750	21593.092586763312
141	1800	NULL
141	1850	24897.886322024988
141	1900	26628.011741149625
141	1950	28427.397952211195
146	50	91.91628596606037
146	100	105.11611825803064
146	150	129.15253815955413
146	200	757.702331304889
146	250	792.3170614522305
146	300	826.6935553061862
146	350	865.0633599051466
146	400	899.370188029573
146	450	930.9902652870121
146	500	NULL
146	550	1684.285452105728
146	600	1774.0141464224916
146	650	NULL
146	700	2766.6254859576366
146	750	2904.3591565312545
146	800	3073.9160618503834
146	850	3953.7083539080395
146	900	NULL
146	950	5086.599946282775
146	1000	5338.517460358742
146	1050	6355.511142211363
146	1100	NULL
146	1150	NULL
146	1200	8153.009408557006
146	1250	9250.092574145867
146	1300	10388.516130760765
146	1350	10866.922956207856
146	1400	12124.24211160715
146	1450	NULL
146	1500	14659.020215525483
146	1550	NULL
146	1600	NULL
146	1650	NULL
146	1700	19692.305173553486
146	1750	21209.777312744027
146	1800	22153.34833663937
146	1850	23760.079672026688
146	1900	25448.14219591715
146	1950	27198.468129866596
151	50	91.06821856809302
151	100	106.3859160748776
151	150	126.60327098574936
151	200	758.3795789381961
151	250	791.114796919634
151	300	827.9826311799301
151	350	863.250846722834
151	400	897.5860453759581
151	450	936.4074399281163
151	500	1549.2905236545507
151	550	1671.6916758625857
151	600	1764.3077473051908
151	650	1840.6908478254566
151	700	2742.7718997598345
151	750	2884.261857815638
151	800	3008.0080793236284
151	850	3917.827778275994
151	900	4116.830089803352
151	950	5024.192306967265
151	1000	NULL
151	1050	6271.751509611071
151	1100	NULL
151	1150	NULL
151	1200	8007.682401633085
151	1250	NULL
151	1300	9550.88931772822
151	1350	10741.269357210034
151	1400	NULL
151	1450	12483.261719468368
151	1500	13798.784757735131
151	1550	15147.551278235318
151	1600	16502.66919406903
151	1650	NULL
151	1700	18688.63080720526
151	1750	NULL
151	1800	NULL
151	1850	23378.31070835783
151	1900	25046.230620170965
151	1950	26735.200824362764
156	50	91.16257444689305
156	100	106.63673255623894
156	150	124.2348153297263
156	200	754.7467270191491
156	250	794.1047225307751
156	300	823.9138786997838
156	350	860.4284228016113
156	400	895.8013034879299
156	450	935.9190659143829
156	500	968.5425817291866
156	550	1654.4600373941475
156	600	1750.3696094347472
156	650	1834.0699870385133
156	700	2720.0614637636436
156	750	2867.7183600148796
156	800	2994.4231701562867
156	850	NULL
156	900	4081.410467487002
156	950	NULL
156	1000	5241.845152581109
156	1050	5517.257594370434
156	1100	6526.023274678311
156	1150	6866.837978396697
156	1200	NULL
156	1250	8977.137038517176
156	1300	9428.70946287305
156	1350	10599.941932730038
156	1400	11090.33773057218
156	1450	12328.831726412776
156	1500	NULL
156	1550	14876.174502577162
156	1600	15569.184721732861
156	1650	NULL
156	1700	18406.648992575665
156	1750	NULL
156	1800	20726.113245017263
156	1850	22301.33897605009
156	1900	NULL
156	1950	NULL
161	50	92.80943236926103
161	100	105.14848138256019
161	150	122.97398743240255
161	200	754.0401608994367
161	250	791.4914162334125
161	300	829.3486035920266
161	350	858.8832217588415
161	400	897.6545232275278
161	450	931.6399852779418
161	500	968.5776295312323
161	550	NULL
161	600	1741.303315834823
161	650	1825.3285533318972
161	700	2692.3205109227
161	750	NULL
161	800	2976.6344597016496
161	850	3827.8240507273404
161	900	4047.391132006807
161	950	4235.101697897509
161	1000	5186.239783883566
161	1050	5436.966039704863
161	1100	6459.305001209159
161	1150	6765.247383315119
161	1200	7829.07784241803
161	1250	8186.066954325135
161	1300	9329.731055718355
161	1350	NULL
161	1400	10947.229441489719
161	1450	12174.479381496765
161	1500	12723.414516072264
161	1550	14016.044819284862
161	1600	15357.301879379549
161	1650	16702.76937362217
161	1700	17432.618075527473
161	1750	18915.827521046624
161	1800	20439.180915894874
161	1850	NULL
161	1900	23540.40817603128
161	1950	NULL
166	50	92.34224171962586
166	100	106.71166894125895
166	150	119.01615234672639
166	200	759.6457851534134
166	250	792.9461863800093
166	300	829.6268734047221
166	350	861.0082986322143
166	400	900.0622123201721
166	450	933.4085834888033
166	500	970.2730234035173
166	550	1630.6534178776747
166	600	1732.645595258817
166	650	1819.0452546210759
166	700	1972.9594278138468
166	750	2829.909397434983
166	800	2959.7343026975104
166	850	NULL
166	900	4017.556877391082
166	950	4205.236397224245
166	1000	5123.421106322106
166	1050	5396.863949239242
166	1100	6363.110237564255
166	1150	NULL
166	1200	7708.1382445929885
166	1250	NULL
166	1300	9207.712624777367
166	1350	9628.798275096793
166	1400	NULL
166	1450	NULL
166	1500	12555.273205979192
166	1550	13833.86305392304
166	1600	NULL
166	1650	NULL
166	1700	NULL
166	1750	18636.792634590805
166	1800	NULL
166	1850	20942.28325048067
166	1900	NULL
166	1950	24154.177737331916
171	50	91.06172983231374
171	100	105.57822553937694
171	150	121.66412592944948
171	200	760.2406659399226
171	250	788.978101668326
171	300	829.5528380600829
171	350	864.3281092222649
171	400	899.6928803559683
171	450	930.9156825148618
171	500	964.7344995753783
171	550	1612.0300781490787
171	600	1718.12660160744
171	650	1808.8854168749867
171	700	1908.3642163536958
171	750	2801.844661214119
171	800	2948.5615725103244
171	850	NULL
171	900	3977.884445096464
171	950	NULL
171	1000	5054.716244166666
171	1050	5342.045365434564
171	1100	5618.03304017739
171	1150	6637.259915503911
171	1200	NULL
171	1250	8019.058648180588
171	1300	9056.199536856706
171	1350	9531.94436475359
171	1400	10662.716714552258
171	1450	11154.321190742723
171	1500	NULL
171	1550	13602.912943275656
171	1600	NULL
171	1650	15592.92426004556
171	1700	16948.772143000355
171	1750	NULL
171	1800	19135.478419511386
171	1850	20635.591798141413
171	1900	NULL
171	1950	23667.72936401493
176	50	92.62613021354522
176	100	106.3785202897017
176	150	121.4014654186783
176	200	758.1480681373796
176	250	792.337113189342
176	300	827.3884978283835
176	350	864.3335310230839
176	400	900.8635967221488
176	450	935.0108179796172
176	500	970.9833174511864
176	550	1597.0437621204512
176	600	1707.4486620960083
176	650	1799.5006013764842
176	700	1886.3645816070728
176	750	2776.4135956315226
176	800	NULL
176	850	3057.3203804420536
176	900	3934.7843987689857
176	950	4142.1349072667945
176	1000	NULL
176	1050	5300.172889105206
176	1100	5541.920149356202
176	1150	6564.7538416411035
176	1200	6871.247537669879
176	1250	NULL
176	1300	NULL
176	1350	9424.601313612635
176	1400	9841.829254634597
176	1450	11039.443166515357
176	1500	NULL
176	1550	NULL
176	1600	NULL
176	1650	15339.535460088973
176	1700	16037.113693660516
176	1750	17446.742031558162
176	1800	18867.052835422193
176	1850	19645.913197610982
176	1900	21169.853385864124
176	1950	22755.876521315913
181	50	93.68095764787657
181	100	105.09246155279038
181	150	119.4412791798431
181	200	755.7840467519628
181	250	791.3733427338989
181	300	827.9722903114704
181	350	860.7051960314953
181	400	901.044431884142
181	450	NULL
181	500	973.8913005082474
181	550	NULL
181	600	1695.9134192575293
181	650	1791.7859718422662
181	700	1875.3918566502452
181	750	2754.186782877425
181	800	NULL
181	850	3042.013056413967
181	900	3888.6649829408525
181	950	4111.922091229872
181	1000	NULL
181	1050	5241.094891812016
181	1100	5500.46374263029
181	1150	6477.796975918116
181	1200	6810.302039639806
181	1250	7815.667406102228
181	1300	8212.2837265969
181	1350	NULL
181	1400	9735.924430626146
181	1450	10901.356962814263
181	1500	NULL
181	1550	NULL
181	1600	13855.23304255748
181	1650	14485.46791739965
181	1700	15833.26794314875
181	1750	17198.816743765565
181	1800	NULL
181	1850	19386.190955127047
181	1900	20892.959214799896
181	1950	22389.271997627904
186	50	90.80293322892874
186	100	105.51278556203115
186	150	120.40417015620181
186	200	756.0606687036479
186	250	792.192411002709
186	300	828.0827340328328
186	350	NULL
186	400	896.7802327642385
186	450	931.7787191263717
186	500	968.9027012883986
186	550	1564.8529458085272
186	600	1687.2485957065571
186	650	1781.4407199864036
186	700	1870.5372746228568
186	750	NULL
186	800	2891.5048588215104
186	850	3025.5424443926595
186	900	3809.475686112565
186	950	NULL
186	1000	NULL
186	1050	5176.3453781595
186	1100	5455.048164093382
186	1150	6387.58333899066
186	1200	6748.566167615266
186	1250	NULL
186	1300	NULL
186	1350	8511.706547577418
186	1400	9637.269195580942
186	1450	10735.516156325213
186	1500	11261.813771545178
186	1550	12471.696340847206
186	1600	NULL
186	1650	14316.192830579437
186	1700	15600.818070107118
186	1750	NULL
186	1800	17702.51422899677
186	1850	NULL
186	1900	NULL
186	1950	21433.559694143787
191	50	92.23639079222644
191	100	105.88195596646511
191	150	119.88017017333732
191	200	755.889577000928
191	250	792.3778572770813
191	300	825.4761414410325
191	350	863.1965110108531
191	400	899.7726116760489
191	450	932.3076627030417
191	500	970.2396255465595
191	550	1545.3532440277932
191	600	1671.829095026423
191	650	1770.024077856416
191	700	1860.9945775210408
191	750	2014.8413805331209
191	800	2872.4281577332717
191	850	3011.7299609493543
191	900	3133.8497137401555
191	950	NULL
191	1000	4249.806097066492
191	1050	5103.293437771195
191	1100	5405.540212596743
191	1150	5647.938659118729
191	1200	6684.48694575581
191	1250	6983.062933446877
191	1300	8038.145196457315
191	1350	NULL
191	1400	NULL
191	1450	9949.923150583749
191	1500	11138.638626118276
191	1550	11626.707957381981
191	1600	NULL
191	1650	14125.322472445441
191	1700	14734.013482283393
191	1750	16083.300002217982
191	1800	NULL
191	1850	18176.08487138628
191	1900	NULL
191	1950	NULL
196	50	91.30782815116092
196	100	106.72946537557996
196	150	119.71473800429396
196	200	758.1240458608728
196	250	790.8402147827449
196	300	826.1527276468021
196	350	863.7829277594212
196	400	899.2799149726653
196	450	NULL
196	500	973.4115890137704
196	550	1004.9398107273466
196	600	1663.0343524821012
196	650	1762.494632985254
196	700	1850.6579175838363
196	750	1958.8967949317596
196	800	2850.274444425103
196	850	2996.5716708900027
196	900	3120.4083525477263
196	950	4004.222756813444
196	1000	4217.566461316363
196	1050	4404.438022094927
196	1100	5352.422107164691
196	1150	5603.8220838397365
196	1200	6599.913316111884
196	1250	NULL
196	1300	7939.193819743882
196	1350	8332.497322316369
196	1400	9399.561231817486
196	1450	9854.427642144048
196	1500	NULL
196	1550	11482.29723594529
196	1600	NULL
196	1650	NULL
196	1700	NULL
196	1750	NULL
196	1800	16538.801704129135
196	1850	NULL
196	1900	19398.949882875255
196	1950	20165.362347358554
